Arguments: 
  /usr/local/bin/node /usr/local/bin/yarn global add prettier

PATH: 
  /usr/local/bin:/usr/bin:/bin:/usr/sbin:/sbin:/Users/apple/.rvm/bin

Yarn version: 
  1.12.1

Node version: 
  10.13.0

Platform: 
  darwin x64

Trace: 
  SyntaxError: /Users/apple/Documents/workspace/sogou/package.json: Unexpected token } in JSON at position 611
      at JSON.parse (<anonymous>)
      at /usr/local/lib/node_modules/yarn/lib/cli.js:1166:59
      at Generator.next (<anonymous>)
      at step (/usr/local/lib/node_modules/yarn/lib/cli.js:92:30)
      at /usr/local/lib/node_modules/yarn/lib/cli.js:103:13

npm manifest: 
  {
      "name": "sogou",
      "version": "1.0.0",
      "description": "",
      "main": "index.js",
      "bin": "./bin/index.js",
      "scripts": {
          "test": "echo \"Error: no test specified\" && exit 1",
          "start": "NODE_ENV=production PORT=8418 node ./index.js",
          "debug": "node --inspect-brk ./index.js",
          "dev": "NODE_ENV=development PORT=8417 nodemon ./index.js",
          "pm2": "pm2 start ./index.js --name qkg",
          "dll": "node ./webpack/dllBuild",
          "build": "NODE_ENV=production node ./webpack/build",
          "webpack": "webpack ./webpack/webpack.config.js",
          
      },
      "keywords": [],
      "author": "",
      "license": "ISC",
      "dependencies": {
          "@babel/core": "^7.0.0",
          "@babel/preset-env": "^7.0.0",
          "assets-webpack-plugin": "^3.9.6",
          "autoprefixer-loader": "^3.2.0",
          "axios": "^0.18.0",
          "babel-core": "^6.26.3",
          "babel-loader": "^8.0.0",
          "babel-plugin-add-module-exports": "^1.0.0",
          "babel-plugin-syntax-jsx": "^6.18.0",
          "babel-plugin-transform-runtime": "^6.23.0",
          "babel-plugin-transform-vue-jsx": "^3.7.0",
          "babel-polyfill": "^6.26.0",
          "babel-preset-env": "^1.7.0",
          "babel-preset-es2015": "^6.24.1",
          "babel-preset-stage-0": "^6.24.1",
          "babel-preset-stage-1": "^6.24.1",
          "babel-register": "^6.26.0",
          "bootstrap": "^4.1.3",
          "chalk": "^2.4.1",
          "clean-webpack-plugin": "^0.1.19",
          "cli-table": "^0.3.1",
          "cliui": "^4.1.0",
          "config": "^2.0.1",
          "copy-webpack-plugin": "^4.5.2",
          "css-loader": "^1.0.0",
          "del": "^3.0.0",
          "echarts": "^4.1.0",
          "element-ui": "^2.4.6",
          "file-loader": "^2.0.0",
          "font-awesome": "^4.7.0",
          "fs-extra": "^7.0.0",
          "happypack": "^5.0.0",
          "html-webpack-plugin": "^3.2.0",
          "karma": "^3.0.0",
          "koa": "^2.5.2",
          "koa-body": "^4.0.4",
          "koa-router": "^7.4.0",
          "koa-send": "^5.0.0",
          "koa-webpack-middleware": "^1.0.7",
          "ktils": "^1.0.4",
          "loading-cli": "^1.0.8",
          "mysql2": "^1.6.2",
          "node-sass": "^4.9.3",
          "nodemon": "^1.18.5",
          "normalize.css": "^8.0.0",
          "open-iconic": "^1.1.1",
          "pm2": "^3.1.2",
          "query-string": "^6.1.0",
          "sass-loader": "^7.1.0",
          "scss-loader": "0.0.1",
          "sequelize": "^4.41.0",
          "serve-favicon": "^2.5.0",
          "style-loader": "^0.23.0",
          "table": "^5.1.0",
          "url-loader": "^1.1.1",
          "vue": "^2.5.17",
          "vue-loader": "^15.4.1",
          "vue-template-compiler": "^2.5.17",
          "webpack": "^4.17.1",
          "webpack-dev-middleware": "^3.2.0",
          "webpack-parallel-uglify-plugin": "^1.1.0"
      },
      "devDependencies": {
          "extract-text-webpack-plugin": "^4.0.0-beta.0",
          "html-webpack-include-assets-plugin": "^1.0.4",
          "webpack-cli": "^3.1.0"
      }
  }

yarn manifest: 
  No manifest

Lockfile: 
  No lockfile
